# JRE version: OpenJDK Runtime Environment (8.0_152-b06) (build 1.8.0_152-release-1136-b06)
# Java VM: OpenJDK 64-Bit Server VM (25.152-b06 mixed mode windows-amd64 compressed oops)
Heap:
 PSYoungGen      total 434176K, used 139013K [0x00000000e0000000, 0x00000000ffc80000, 0x0000000100000000)
  eden space 347136K, 31% used [0x00000000e0000000,0x00000000e69c6208,0x00000000f5300000)
  from space 87040K, 35% used [0x00000000fa780000,0x00000000fc57b490,0x00000000ffc80000)
  to   space 86528K, 0% used [0x00000000f5300000,0x00000000f5300000,0x00000000fa780000)
 ParOldGen       total 298496K, used 240356K [0x00000000a0000000, 0x00000000b2380000, 0x00000000e0000000)
  object space 298496K, 80% used [0x00000000a0000000,0x00000000aeab9008,0x00000000b2380000)
 Metaspace       used 228651K, capacity 238875K, committed 255104K, reserved 1261568K
  class space    used 28604K, capacity 30805K, committed 46464K, reserved 1048576K
GC Heap History (10 events):
Event: 25533.482 GC heap before
{Heap before GC invocations=157 (full 7):
 PSYoungGen      total 423936K, used 347045K [0x00000000e0000000, 0x00000000ffe00000, 0x0000000100000000)
  eden space 329728K, 100% used [0x00000000e0000000,0x00000000f4200000,0x00000000f4200000)
  from space 94208K, 18% used [0x00000000f4200000,0x00000000f52e9610,0x00000000f9e00000)
  to   space 92672K, 0% used [0x00000000fa380000,0x00000000fa380000,0x00000000ffe00000)
 ParOldGen       total 298496K, used 226955K [0x00000000a0000000, 0x00000000b2380000, 0x00000000e0000000)
  object space 298496K, 76% used [0x00000000a0000000,0x00000000adda2c10,0x00000000b2380000)
 Metaspace       used 209401K, capacity 219025K, committed 238208K, reserved 1241088K
  class space    used 26117K, capacity 28156K, committed 46464K, reserved 1048576K
Event: 25533.511 GC heap after
Heap after GC invocations=157 (full 7):
 PSYoungGen      total 429568K, used 10671K [0x00000000e0000000, 0x00000000ffd80000, 0x0000000100000000)
  eden space 337408K, 0% used [0x00000000e0000000,0x00000000e0000000,0x00000000f4980000)
  from space 92160K, 11% used [0x00000000fa380000,0x00000000fadebf78,0x00000000ffd80000)
  to   space 92160K, 0% used [0x00000000f4980000,0x00000000f4980000,0x00000000fa380000)
 ParOldGen       total 298496K, used 231429K [0x00000000a0000000, 0x00000000b2380000, 0x00000000e0000000)
  object space 298496K, 77% used [0x00000000a0000000,0x00000000ae201560,0x00000000b2380000)
 Metaspace       used 209401K, capacity 219025K, committed 238208K, reserved 1241088K
  class space    used 26117K, capacity 28156K, committed 46464K, reserved 1048576K
}
Event: 25534.949 GC heap before
{Heap before GC invocations=158 (full 7):
 PSYoungGen      total 429568K, used 348006K [0x00000000e0000000, 0x00000000ffd80000, 0x0000000100000000)
  eden space 337408K, 99% used [0x00000000e0000000,0x00000000f496d980,0x00000000f4980000)
  from space 92160K, 11% used [0x00000000fa380000,0x00000000fadebf78,0x00000000ffd80000)
  to   space 92160K, 0% used [0x00000000f4980000,0x00000000f4980000,0x00000000fa380000)
 ParOldGen       total 298496K, used 231429K [0x00000000a0000000, 0x00000000b2380000, 0x00000000e0000000)
  object space 298496K, 77% used [0x00000000a0000000,0x00000000ae201560,0x00000000b2380000)
 Metaspace       used 209406K, capacity 219041K, committed 238208K, reserved 1241088K
  class space    used 26117K, capacity 28156K, committed 46464K, reserved 1048576K
Event: 25534.969 GC heap after
Heap after GC invocations=158 (full 7):
 PSYoungGen      total 357888K, used 20001K [0x00000000e0000000, 0x00000000ffa00000, 0x0000000100000000)
  eden space 337408K, 0% used [0x00000000e0000000,0x00000000e0000000,0x00000000f4980000)
  from space 20480K, 97% used [0x00000000f4980000,0x00000000f5d08728,0x00000000f5d80000)
  to   space 89088K, 0% used [0x00000000fa300000,0x00000000fa300000,0x00000000ffa00000)
 ParOldGen       total 298496K, used 233314K [0x00000000a0000000, 0x00000000b2380000, 0x00000000e0000000)
  object space 298496K, 78% used [0x00000000a0000000,0x00000000ae3d8808,0x00000000b2380000)
 Metaspace       used 209406K, capacity 219041K, committed 238208K, reserved 1241088K
  class space    used 26117K, capacity 28156K, committed 46464K, reserved 1048576K
}
Event: 25629.973 GC heap before
{Heap before GC invocations=159 (full 7):
 PSYoungGen      total 357888K, used 357409K [0x00000000e0000000, 0x00000000ffa00000, 0x0000000100000000)
  eden space 337408K, 100% used [0x00000000e0000000,0x00000000f4980000,0x00000000f4980000)
  from space 20480K, 97% used [0x00000000f4980000,0x00000000f5d08728,0x00000000f5d80000)
  to   space 89088K, 0% used [0x00000000fa300000,0x00000000fa300000,0x00000000ffa00000)
 ParOldGen       total 298496K, used 233314K [0x00000000a0000000, 0x00000000b2380000, 0x00000000e0000000)
  object space 298496K, 78% used [0x00000000a0000000,0x00000000ae3d8808,0x00000000b2380000)
 Metaspace       used 218944K, capacity 228841K, committed 246400K, reserved 1249280K
  class space    used 27355K, capacity 29464K, committed 46464K, reserved 1048576K
Event: 25629.998 GC heap after
Heap after GC invocations=159 (full 7):
 PSYoungGen      total 432128K, used 39612K [0x00000000e0000000, 0x0000000100000000, 0x0000000100000000)
  eden space 343040K, 0% used [0x00000000e0000000,0x00000000e0000000,0x00000000f4f00000)
  from space 89088K, 44% used [0x00000000fa300000,0x00000000fc9af120,0x00000000ffa00000)
  to   space 86016K, 0% used [0x00000000f4f00000,0x00000000f4f00000,0x00000000fa300000)
 ParOldGen       total 298496K, used 233846K [0x00000000a0000000, 0x00000000b2380000, 0x00000000e0000000)
  object space 298496K, 78% used [0x00000000a0000000,0x00000000ae45d858,0x00000000b2380000)
 Metaspace       used 218944K, capacity 228841K, committed 246400K, reserved 1249280K
  class space    used 27355K, capacity 29464K, committed 46464K, reserved 1048576K
}
Event: 25632.409 GC heap before
{Heap before GC invocations=160 (full 7):
 PSYoungGen      total 432128K, used 382652K [0x00000000e0000000, 0x0000000100000000, 0x0000000100000000)
  eden space 343040K, 100% used [0x00000000e0000000,0x00000000f4f00000,0x00000000f4f00000)
  from space 89088K, 44% used [0x00000000fa300000,0x00000000fc9af120,0x00000000ffa00000)
  to   space 86016K, 0% used [0x00000000f4f00000,0x00000000f4f00000,0x00000000fa300000)
 ParOldGen       total 298496K, used 233846K [0x00000000a0000000, 0x00000000b2380000, 0x00000000e0000000)
  object space 298496K, 78% used [0x00000000a0000000,0x00000000ae45d858,0x00000000b2380000)
 Metaspace       used 219122K, capacity 229075K, committed 246656K, reserved 1249280K
  class space    used 27373K, capacity 29497K, committed 46464K, reserved 1048576K
Event: 25632.512 GC heap after
Heap after GC invocations=160 (full 7):
 PSYoungGen      total 429056K, used 61575K [0x00000000e0000000, 0x0000000100000000, 0x0000000100000000)
  eden space 343040K, 0% used [0x00000000e0000000,0x00000000e0000000,0x00000000f4f00000)
  from space 86016K, 71% used [0x00000000f4f00000,0x00000000f8b21e20,0x00000000fa300000)
  to   space 90624K, 0% used [0x00000000fa780000,0x00000000fa780000,0x0000000100000000)
 ParOldGen       total 298496K, used 239091K [0x00000000a0000000, 0x00000000b2380000, 0x00000000e0000000)
  object space 298496K, 80% used [0x00000000a0000000,0x00000000ae97cf88,0x00000000b2380000)
 Metaspace       used 219122K, capacity 229075K, committed 246656K, reserved 1249280K
  class space    used 27373K, capacity 29497K, committed 46464K, reserved 1048576K
}
Event: 25753.969 GC heap before
{Heap before GC invocations=161 (full 7):
 PSYoungGen      total 429056K, used 404615K [0x00000000e0000000, 0x0000000100000000, 0x0000000100000000)
  eden space 343040K, 100% used [0x00000000e0000000,0x00000000f4f00000,0x00000000f4f00000)
  from space 86016K, 71% used [0x00000000f4f00000,0x00000000f8b21e20,0x00000000fa300000)
  to   space 90624K, 0% used [0x00000000fa780000,0x00000000fa780000,0x0000000100000000)
 ParOldGen       total 298496K, used 239091K [0x00000000a0000000, 0x00000000b2380000, 0x00000000e0000000)
  object space 298496K, 80% used [0x00000000a0000000,0x00000000ae97cf88,0x00000000b2380000)
 Metaspace       used 219420K, capacity 229383K, committed 246912K, reserved 1249280K
  class space    used 27399K, capacity 29537K, committed 46464K, reserved 1048576K
Event: 25754.361 GC heap after
Heap after GC invocations=161 (full 7):
 PSYoungGen      total 434176K, used 30701K [0x00000000e0000000, 0x00000000ffc80000, 0x0000000100000000)
  eden space 347136K, 0% used [0x00000000e0000000,0x00000000e0000000,0x00000000f5300000)
  from space 87040K, 35% used [0x00000000fa780000,0x00000000fc57b490,0x00000000ffc80000)
  to   space 86528K, 0% used [0x00000000f5300000,0x00000000f5300000,0x00000000fa780000)
 ParOldGen       total 298496K, used 240356K [0x00000000a0000000, 0x00000000b2380000, 0x00000000e0000000)
  object space 298496K, 80% used [0x00000000a0000000,0x00000000aeab9008,0x00000000b2380000)
 Metaspace       used 219420K, capacity 229383K, committed 246912K, reserved 1249280K
  class space    used 27399K, capacity 29537K, committed 46464K, reserved 1048576K
}

